Initialize HBCC Env
PATH=/usr/local/jdk/jdk1.8.0_241/bin:/usr/local/sbin:/usr/local/bin:/usr/sbin:/usr/bin:/sbin:/bin:/gpfs/plat_aidi/build/hbcc/v3.7.10/bin/
LD_LIBRARY_PATH=:/gpfs/plat_aidi/build/hbcc/v3.7.10/hbcc/lib/:/gpfs/plat_aidi/build/hbcc/v3.7.10/hbcc/lib32/:/gpfs/plat_aidi/build/hbcc/v3.7.10/hbcc/lib64/:/gpfs/plat_aidi/build/hbcc/v3.7.10/hbcc/targets/darwin/lib32/:/gpfs/plat_aidi/build/hbcc/v3.7.10/hbcc/targets/darwin/lib64/:/gpfs/plat_aidi/build/hbcc/v3.7.10/hbcc/targets/m2/lib32/:/gpfs/plat_aidi/build/hbcc/v3.7.10/hbcc/targets/m2/lib64/:/gpfs/plat_aidi/build/hbcc/v3.7.10/hbcc/targets/matrix/lib32/:/gpfs/plat_aidi/build/hbcc/v3.7.10/hbcc/targets/matrix/libarm32/:/gpfs/plat_aidi/build/hbcc/v3.7.10/hbcc/targets/x2/lib32/:/gpfs/plat_aidi/build/hbcc/v3.7.10/hbcc/targets/x2/lib64/:/gpfs/plat_aidi/build/hbcc/v3.7.10/hbcc/targets/x2/libarch64/:/gpfs/plat_aidi/build/hbcc/v3.7.10/hbcc/targets/x2a/lib32/:/gpfs/plat_aidi/build/hbcc/v3.7.10/hbcc/targets/x2a/lib64/:/gpfs/plat_aidi/build/hbcc/v3.7.10/hbcc/targets/x2a/libarch64/
PYTHONPATH=:/gpfs/plat_aidi/build/hbcc/v3.7.10/lib/python3.6/site-packages/
hbdk-cc --march bernoulli -f tf -m /gpfs/plat_aidi/model/1809/IntInference/frozen_int_model.pb -s 1x540x960x3 -i pyramid --O3 -g -o ssd.hbm
/usr/local/python3/lib/python3.6/site-packages/tensorflow/python/framework/dtypes.py:516: FutureWarning: Passing (type, 1) or '1type' as a synonym of type is deprecated; in a future version of numpy, it will be understood as (type, (1,)) / '(1,)type'.
  _np_qint8 = np.dtype([("qint8", np.int8, 1)])
/usr/local/python3/lib/python3.6/site-packages/tensorflow/python/framework/dtypes.py:517: FutureWarning: Passing (type, 1) or '1type' as a synonym of type is deprecated; in a future version of numpy, it will be understood as (type, (1,)) / '(1,)type'.
  _np_quint8 = np.dtype([("quint8", np.uint8, 1)])
/usr/local/python3/lib/python3.6/site-packages/tensorflow/python/framework/dtypes.py:518: FutureWarning: Passing (type, 1) or '1type' as a synonym of type is deprecated; in a future version of numpy, it will be understood as (type, (1,)) / '(1,)type'.
  _np_qint16 = np.dtype([("qint16", np.int16, 1)])
/usr/local/python3/lib/python3.6/site-packages/tensorflow/python/framework/dtypes.py:519: FutureWarning: Passing (type, 1) or '1type' as a synonym of type is deprecated; in a future version of numpy, it will be understood as (type, (1,)) / '(1,)type'.
  _np_quint16 = np.dtype([("quint16", np.uint16, 1)])
/usr/local/python3/lib/python3.6/site-packages/tensorflow/python/framework/dtypes.py:520: FutureWarning: Passing (type, 1) or '1type' as a synonym of type is deprecated; in a future version of numpy, it will be understood as (type, (1,)) / '(1,)type'.
  _np_qint32 = np.dtype([("qint32", np.int32, 1)])
/usr/local/python3/lib/python3.6/site-packages/tensorflow/python/framework/dtypes.py:525: FutureWarning: Passing (type, 1) or '1type' as a synonym of type is deprecated; in a future version of numpy, it will be understood as (type, (1,)) / '(1,)type'.
  np_resource = np.dtype([("resource", np.ubyte, 1)])
/usr/local/python3/lib/python3.6/site-packages/tensorboard/compat/tensorflow_stub/dtypes.py:541: FutureWarning: Passing (type, 1) or '1type' as a synonym of type is deprecated; in a future version of numpy, it will be understood as (type, (1,)) / '(1,)type'.
  _np_qint8 = np.dtype([("qint8", np.int8, 1)])
/usr/local/python3/lib/python3.6/site-packages/tensorboard/compat/tensorflow_stub/dtypes.py:542: FutureWarning: Passing (type, 1) or '1type' as a synonym of type is deprecated; in a future version of numpy, it will be understood as (type, (1,)) / '(1,)type'.
  _np_quint8 = np.dtype([("quint8", np.uint8, 1)])
/usr/local/python3/lib/python3.6/site-packages/tensorboard/compat/tensorflow_stub/dtypes.py:543: FutureWarning: Passing (type, 1) or '1type' as a synonym of type is deprecated; in a future version of numpy, it will be understood as (type, (1,)) / '(1,)type'.
  _np_qint16 = np.dtype([("qint16", np.int16, 1)])
/usr/local/python3/lib/python3.6/site-packages/tensorboard/compat/tensorflow_stub/dtypes.py:544: FutureWarning: Passing (type, 1) or '1type' as a synonym of type is deprecated; in a future version of numpy, it will be understood as (type, (1,)) / '(1,)type'.
  _np_quint16 = np.dtype([("quint16", np.uint16, 1)])
/usr/local/python3/lib/python3.6/site-packages/tensorboard/compat/tensorflow_stub/dtypes.py:545: FutureWarning: Passing (type, 1) or '1type' as a synonym of type is deprecated; in a future version of numpy, it will be understood as (type, (1,)) / '(1,)type'.
  _np_qint32 = np.dtype([("qint32", np.int32, 1)])
/usr/local/python3/lib/python3.6/site-packages/tensorboard/compat/tensorflow_stub/dtypes.py:550: FutureWarning: Passing (type, 1) or '1type' as a synonym of type is deprecated; in a future version of numpy, it will be understood as (type, (1,)) / '(1,)type'.
  np_resource = np.dtype([("resource", np.ubyte, 1)])
info: "--tf-output-node-names" is not specified, found 12 possible outputs from graph
info:   quanti_conv2d_39/BpuQuantiConvolution
info:   quanti_conv2d_40/BpuQuantiConvolution
info:   quanti_conv2d_41/BpuQuantiConvolution
info:   quanti_conv2d_42/BpuQuantiConvolution
info:   quanti_conv2d_43/BpuQuantiConvolution
info:   quanti_conv2d_44/BpuQuantiConvolution
info:   quanti_conv2d_45/BpuQuantiConvolution
info:   quanti_conv2d_46/BpuQuantiConvolution
info:   quanti_conv2d_47/BpuQuantiConvolution
info:   quanti_conv2d_48/BpuQuantiConvolution
info:   quanti_conv2d_49/BpuQuantiConvolution
info:   quanti_conv2d_50/BpuQuantiConvolution
warning: missing stride for pyramid input[0], use its aligned width by default.
info: "--input-name" is not specifed, assigning shapes according to their appearance order
info:  assigning input shape  [1, 540, 960, 3] to placeholder "input_1" (input layer "quanti_input/BpuQuantiInput")
hbdk-pack /gpfs/plat_aidi/build/719/so/ssd.hbm -o /gpfs/plat_aidi/build/719/so/ssd.hbm --tag body_solution_v0.0.4
hbdk-perf /gpfs/plat_aidi/build/719/so/ssd.hbm
  FPS=44.74   (see ssd.html)
